2025-04-15 00:00:44.500 - INFO Removing {logging-channel-adapter:_org.springframework.integration.errorLogger} as a subscriber to the 'errorChannel' channel
2025-04-15 00:00:44.514 - INFO Channel 'application.errorChannel' has 0 subscriber(s).
2025-04-15 00:00:44.517 - INFO stopped bean '_org.springframework.integration.errorLogger'
2025-04-15 00:00:44.563 - INFO Closing JPA EntityManagerFactory for persistence unit 'default'
2025-04-15 00:00:44.589 - INFO HikariPool-1 - Shutdown initiated...
2025-04-15 00:00:44.595 - INFO HikariPool-1 - Shutdown completed.
2025-04-15 00:01:15.004 - INFO Starting SmartStarterApplication using Java 17.0.12 with PID 13104 (D:\code\idea\smart\smart-home\smart-starter\target\classes started by HUAWEI in D:\code\idea\smart\smart-home)
2025-04-15 00:01:15.019 - INFO The following 2 profiles are active: "base-path", "dev"
2025-04-15 00:01:17.486 - INFO Bootstrapping Spring Data JPA repositories in DEFAULT mode.
2025-04-15 00:01:17.502 - INFO Finished Spring Data repository scanning in 5 ms. Found 0 JPA repository interfaces.
2025-04-15 00:01:17.783 - INFO No bean named 'errorChannel' has been explicitly defined. Therefore, a default PublishSubscribeChannel will be created.
2025-04-15 00:01:17.804 - INFO No bean named 'integrationHeaderChannelRegistry' has been explicitly defined. Therefore, a default DefaultHeaderChannelRegistry will be created.
2025-04-15 00:01:18.390 - INFO Bean 'org.springframework.aop.support.DefaultBeanFactoryPointcutAdvisor#0' of type [org.springframework.aop.support.DefaultBeanFactoryPointcutAdvisor] is not eligible for getting processed by all BeanPostProcessors (for example: not eligible for auto-proxying)
2025-04-15 00:01:19.685 - INFO Tomcat initialized with port(s): 9091 (http)
2025-04-15 00:01:19.705 - INFO Initializing ProtocolHandler ["http-nio-9091"]
2025-04-15 00:01:19.709 - INFO Starting service [Tomcat]
2025-04-15 00:01:19.710 - INFO Starting Servlet engine: [Apache Tomcat/10.1.15]
2025-04-15 00:01:19.876 - INFO Initializing Spring embedded WebApplicationContext
2025-04-15 00:01:19.878 - INFO Root WebApplicationContext: initialization completed in 4795 ms
2025-04-15 00:01:20.688 - WARN This "id" is the table primary key by @TableId annotation in Class: "com.smart.task.domain.ScheduleTask",So @TableField annotation will not work!
2025-04-15 00:01:20.848 - WARN This "taskId" is the table primary key by @TableId annotation in Class: "com.smart.core.domain.Lock",So @TableField annotation will not work!
2025-04-15 00:01:22.094 - INFO Flyway Community Edition 9.16.3 by Redgate
2025-04-15 00:01:22.094 - INFO See release notes here: https://rd.gt/416ObMi
2025-04-15 00:01:22.095 - INFO 
2025-04-15 00:01:22.120 - INFO HikariPool-1 - Starting...
2025-04-15 00:01:22.432 - INFO HikariPool-1 - Added connection conn0: url=jdbc:h2:mem:test_mem user=ROOT
2025-04-15 00:01:22.436 - INFO HikariPool-1 - Start completed.
2025-04-15 00:01:22.448 - INFO Database: jdbc:h2:mem:test_mem (H2 2.1)
2025-04-15 00:01:22.513 - INFO Schema history table "PUBLIC"."flyway_schema_history" does not exist yet
2025-04-15 00:01:22.518 - INFO Successfully validated 2 migrations (execution time 00:00.024s)
2025-04-15 00:01:22.526 - INFO Creating Schema History table "PUBLIC"."flyway_schema_history" ...
2025-04-15 00:01:22.566 - INFO Current version of schema "PUBLIC": << Empty Schema >>
2025-04-15 00:01:22.586 - INFO Migrating schema "PUBLIC" to version "1 - init  table"
2025-04-15 00:01:22.682 - INFO Migrating schema "PUBLIC" to version "2 - init  data"
2025-04-15 00:01:22.731 - INFO Successfully applied 2 migrations to schema "PUBLIC", now at version v2 (execution time 00:00.170s)
2025-04-15 00:01:23.037 - INFO HHH000204: Processing PersistenceUnitInfo [name: default]
2025-04-15 00:01:23.190 - INFO HHH000412: Hibernate ORM core version 6.2.13.Final
2025-04-15 00:01:23.196 - INFO HHH000406: Using bytecode reflection optimizer
2025-04-15 00:01:23.924 - INFO No LoadTimeWeaver setup: ignoring JPA class transformer
2025-04-15 00:01:24.947 - INFO HHH000489: No JTA platform available (set 'hibernate.transaction.jta.platform' to enable JTA platform integration)
2025-04-15 00:01:24.961 - INFO Initialized JPA EntityManagerFactory for persistence unit 'default'
2025-04-15 00:01:25.461 - WARN Could not validate configuration attributes as the SecurityMetadataSource did not return any attributes from getAllConfigAttributes()
2025-04-15 00:01:28.246 - WARN spring.jpa.open-in-view is enabled by default. Therefore, database queries may be performed during view rendering. Explicitly configure spring.jpa.open-in-view to disable this warning
2025-04-15 00:01:29.449 - INFO Exposing 16 endpoint(s) beneath base path '/actuator'
2025-04-15 00:01:29.611 - INFO Will secure any request with [org.springframework.security.web.session.DisableEncodeUrlFilter@7475f071, org.springframework.security.web.context.request.async.WebAsyncManagerIntegrationFilter@2116e9cf, org.springframework.security.web.context.SecurityContextHolderFilter@64934acd, org.springframework.security.web.header.HeaderWriterFilter@1fce17b8, org.springframework.security.web.authentication.logout.LogoutFilter@4ad0465c, com.smart.security.component.JwtAuthenticationTokenFilter@699fe19f, org.springframework.security.web.savedrequest.RequestCacheAwareFilter@35427786, org.springframework.security.web.servletapi.SecurityContextHolderAwareRequestFilter@2e6dc94c, org.springframework.security.web.authentication.AnonymousAuthenticationFilter@7a88e6a9, org.springframework.security.web.session.SessionManagementFilter@b24e21f, org.springframework.security.web.access.ExceptionTranslationFilter@167da81d, com.smart.security.component.DynamicSecurityFilter@718b9d56, org.springframework.security.web.access.intercept.AuthorizationFilter@53b10e9a]
2025-04-15 00:01:31.364 - INFO Adding {logging-channel-adapter:_org.springframework.integration.errorLogger} as a subscriber to the 'errorChannel' channel
2025-04-15 00:01:31.365 - INFO Channel 'application.errorChannel' has 1 subscriber(s).
2025-04-15 00:01:31.366 - INFO started bean '_org.springframework.integration.errorLogger'
2025-04-15 00:01:31.367 - INFO Starting ProtocolHandler ["http-nio-9091"]
2025-04-15 00:01:31.413 - INFO Tomcat started on port(s): 9091 (http) with context path ''
2025-04-15 00:01:31.558 - INFO Started SmartStarterApplication in 17.057 seconds (process running for 22.549)
2025-04-15 00:03:47.949 - INFO Removing {logging-channel-adapter:_org.springframework.integration.errorLogger} as a subscriber to the 'errorChannel' channel
2025-04-15 00:03:47.949 - INFO Channel 'application.errorChannel' has 0 subscriber(s).
2025-04-15 00:03:47.950 - INFO stopped bean '_org.springframework.integration.errorLogger'
2025-04-15 00:03:47.965 - INFO Closing JPA EntityManagerFactory for persistence unit 'default'
2025-04-15 00:03:47.975 - INFO HikariPool-1 - Shutdown initiated...
2025-04-15 00:03:47.977 - INFO HikariPool-1 - Shutdown completed.
2025-04-15 00:03:55.426 - INFO Starting SmartStarterApplication using Java 17.0.12 with PID 28456 (D:\code\idea\smart\smart-home\smart-starter\target\classes started by HUAWEI in D:\code\idea\smart\smart-home)
2025-04-15 00:03:55.443 - INFO The following 2 profiles are active: "base-path", "dev"
2025-04-15 00:03:58.064 - INFO Bootstrapping Spring Data JPA repositories in DEFAULT mode.
2025-04-15 00:03:58.078 - INFO Finished Spring Data repository scanning in 5 ms. Found 0 JPA repository interfaces.
2025-04-15 00:03:58.253 - INFO No bean named 'errorChannel' has been explicitly defined. Therefore, a default PublishSubscribeChannel will be created.
2025-04-15 00:03:58.267 - INFO No bean named 'integrationHeaderChannelRegistry' has been explicitly defined. Therefore, a default DefaultHeaderChannelRegistry will be created.
2025-04-15 00:03:58.682 - INFO Bean 'org.springframework.aop.support.DefaultBeanFactoryPointcutAdvisor#0' of type [org.springframework.aop.support.DefaultBeanFactoryPointcutAdvisor] is not eligible for getting processed by all BeanPostProcessors (for example: not eligible for auto-proxying)
2025-04-15 00:03:59.787 - INFO Tomcat initialized with port(s): 9091 (http)
2025-04-15 00:03:59.811 - INFO Initializing ProtocolHandler ["http-nio-9091"]
2025-04-15 00:03:59.816 - INFO Starting service [Tomcat]
2025-04-15 00:03:59.816 - INFO Starting Servlet engine: [Apache Tomcat/10.1.15]
2025-04-15 00:04:00.008 - INFO Initializing Spring embedded WebApplicationContext
2025-04-15 00:04:00.008 - INFO Root WebApplicationContext: initialization completed in 4437 ms
2025-04-15 00:04:00.791 - WARN This "id" is the table primary key by @TableId annotation in Class: "com.smart.task.domain.ScheduleTask",So @TableField annotation will not work!
2025-04-15 00:04:00.931 - WARN This "taskId" is the table primary key by @TableId annotation in Class: "com.smart.core.domain.Lock",So @TableField annotation will not work!
2025-04-15 00:04:02.029 - INFO Flyway Community Edition 9.16.3 by Redgate
2025-04-15 00:04:02.029 - INFO See release notes here: https://rd.gt/416ObMi
2025-04-15 00:04:02.029 - INFO 
2025-04-15 00:04:02.050 - INFO HikariPool-1 - Starting...
2025-04-15 00:04:02.410 - INFO HikariPool-1 - Added connection conn0: url=jdbc:h2:mem:test_mem user=ROOT
2025-04-15 00:04:02.413 - INFO HikariPool-1 - Start completed.
2025-04-15 00:04:02.432 - INFO Database: jdbc:h2:mem:test_mem (H2 2.1)
2025-04-15 00:04:02.549 - INFO Schema history table "PUBLIC"."flyway_schema_history" does not exist yet
2025-04-15 00:04:02.554 - INFO Successfully validated 2 migrations (execution time 00:00.033s)
2025-04-15 00:04:02.562 - INFO Creating Schema History table "PUBLIC"."flyway_schema_history" ...
2025-04-15 00:04:02.592 - INFO Current version of schema "PUBLIC": << Empty Schema >>
2025-04-15 00:04:02.613 - INFO Migrating schema "PUBLIC" to version "1 - init  table"
2025-04-15 00:04:02.732 - INFO Migrating schema "PUBLIC" to version "2 - init  data"
2025-04-15 00:04:02.802 - INFO Successfully applied 2 migrations to schema "PUBLIC", now at version v2 (execution time 00:00.214s)
2025-04-15 00:04:03.123 - INFO HHH000204: Processing PersistenceUnitInfo [name: default]
2025-04-15 00:04:03.267 - INFO HHH000412: Hibernate ORM core version 6.2.13.Final
2025-04-15 00:04:03.274 - INFO HHH000406: Using bytecode reflection optimizer
2025-04-15 00:04:03.883 - INFO No LoadTimeWeaver setup: ignoring JPA class transformer
2025-04-15 00:04:04.685 - INFO HHH000489: No JTA platform available (set 'hibernate.transaction.jta.platform' to enable JTA platform integration)
2025-04-15 00:04:04.698 - INFO Initialized JPA EntityManagerFactory for persistence unit 'default'
2025-04-15 00:04:05.323 - WARN Could not validate configuration attributes as the SecurityMetadataSource did not return any attributes from getAllConfigAttributes()
2025-04-15 00:04:07.942 - WARN spring.jpa.open-in-view is enabled by default. Therefore, database queries may be performed during view rendering. Explicitly configure spring.jpa.open-in-view to disable this warning
2025-04-15 00:04:09.230 - INFO Exposing 16 endpoint(s) beneath base path '/actuator'
2025-04-15 00:04:09.348 - INFO Will secure any request with [org.springframework.security.web.session.DisableEncodeUrlFilter@56394880, org.springframework.security.web.context.request.async.WebAsyncManagerIntegrationFilter@23c3f787, org.springframework.security.web.context.SecurityContextHolderFilter@7c75f3a8, org.springframework.security.web.header.HeaderWriterFilter@22b8eaf0, org.springframework.security.web.authentication.logout.LogoutFilter@3f6bfcbe, com.smart.security.component.JwtAuthenticationTokenFilter@74ea1cd0, org.springframework.security.web.savedrequest.RequestCacheAwareFilter@398a27e, org.springframework.security.web.servletapi.SecurityContextHolderAwareRequestFilter@6fc44cb6, org.springframework.security.web.authentication.AnonymousAuthenticationFilter@3c82bcbd, org.springframework.security.web.session.SessionManagementFilter@32107bba, org.springframework.security.web.access.ExceptionTranslationFilter@2d7fe300, com.smart.security.component.DynamicSecurityFilter@fe58644, org.springframework.security.web.access.intercept.AuthorizationFilter@1f9009d3]
2025-04-15 00:04:10.592 - INFO Adding {logging-channel-adapter:_org.springframework.integration.errorLogger} as a subscriber to the 'errorChannel' channel
2025-04-15 00:04:10.593 - INFO Channel 'application.errorChannel' has 1 subscriber(s).
2025-04-15 00:04:10.593 - INFO started bean '_org.springframework.integration.errorLogger'
2025-04-15 00:04:10.593 - INFO Starting ProtocolHandler ["http-nio-9091"]
2025-04-15 00:04:10.626 - INFO Tomcat started on port(s): 9091 (http) with context path ''
2025-04-15 00:04:10.697 - INFO Started SmartStarterApplication in 15.846 seconds (process running for 17.136)
2025-04-15 00:04:11.518 - INFO Initializing Spring DispatcherServlet 'dispatcherServlet'
2025-04-15 00:04:11.518 - INFO Initializing Servlet 'dispatcherServlet'
2025-04-15 00:04:11.522 - INFO Completed initialization in 3 ms
2025-04-15 00:14:13.124 - INFO checking username:admin
2025-04-15 00:14:13.142 - INFO authenticated user:admin
2025-04-15 00:14:13.177 - INFO checking username:admin
2025-04-15 00:14:13.191 - INFO authenticated user:admin
2025-04-15 00:14:26.314 - INFO checking username:admin
2025-04-15 00:14:26.330 - INFO authenticated user:admin
2025-04-15 00:14:26.362 - INFO checking username:admin
2025-04-15 00:14:26.376 - INFO authenticated user:admin
2025-04-15 00:15:07.219 - INFO checking username:admin
2025-04-15 00:15:07.246 - INFO authenticated user:admin
2025-04-15 00:15:11.268 - INFO checking username:admin
2025-04-15 00:15:11.280 - INFO authenticated user:admin
2025-04-15 00:15:11.303 - INFO checking username:admin
2025-04-15 00:15:11.315 - INFO authenticated user:admin
2025-04-15 00:15:18.459 - INFO checking username:admin
2025-04-15 00:15:18.470 - INFO authenticated user:admin
2025-04-15 01:13:25.842 - WARN HikariPool-1 - Thread starvation or clock leap detected (housekeeper delta=41m20s386ms319µs300ns).
2025-04-15 22:33:03.444 - WARN HikariPool-1 - Thread starvation or clock leap detected (housekeeper delta=21h19m40s452ms584µs300ns).
2025-04-15 22:38:32.518 - WARN HikariPool-1 - Thread starvation or clock leap detected (housekeeper delta=2m59s31ms228µs800ns).
2025-04-15 23:04:37.490 - INFO Removing {logging-channel-adapter:_org.springframework.integration.errorLogger} as a subscriber to the 'errorChannel' channel
2025-04-15 23:04:37.492 - INFO Channel 'application.errorChannel' has 0 subscriber(s).
2025-04-15 23:04:37.493 - INFO stopped bean '_org.springframework.integration.errorLogger'
2025-04-15 23:04:37.521 - INFO Closing JPA EntityManagerFactory for persistence unit 'default'
2025-04-15 23:04:37.535 - INFO HikariPool-1 - Shutdown initiated...
2025-04-15 23:04:37.538 - INFO HikariPool-1 - Shutdown completed.
